0 info it worked if it ends with ok
1 verbose cli [ '/usr/local/bin/node', '/usr/local/bin/npm', 'publish' ]
2 info using npm@2.11.3
3 info using node@v0.12.7
4 verbose publish [ '.' ]
5 silly cache add args [ '.', null ]
6 verbose cache add spec .
7 silly cache add parsed spec { raw: '.',
7 silly cache add   scope: null,
7 silly cache add   name: null,
7 silly cache add   rawSpec: '.',
7 silly cache add   spec: '/Users/cgerard/Projects/Personal_Projects/Personal_projects_Github/emotivjs',
7 silly cache add   type: 'directory' }
8 verbose addLocalDirectory /Users/cgerard/.npm/epoc.js/1.0.0/package.tgz not in flight; packing
9 verbose tar pack [ '/Users/cgerard/.npm/epoc.js/1.0.0/package.tgz',
9 verbose tar pack   '/Users/cgerard/Projects/Personal_Projects/Personal_projects_Github/emotivjs' ]
10 verbose tarball /Users/cgerard/.npm/epoc.js/1.0.0/package.tgz
11 verbose folder /Users/cgerard/Projects/Personal_Projects/Personal_projects_Github/emotivjs
12 info prepublish epoc.js@1.0.0
13 verbose addLocalTarball adding from inside cache /Users/cgerard/.npm/epoc.js/1.0.0/package.tgz
14 silly cache afterAdd epoc.js@1.0.0
15 verbose afterAdd /Users/cgerard/.npm/epoc.js/1.0.0/package/package.json not in flight; writing
16 verbose afterAdd /Users/cgerard/.npm/epoc.js/1.0.0/package/package.json written
17 silly publish { name: 'epoc.js',
17 silly publish   version: '1.0.0',
17 silly publish   description: 'Node.js Addon for the Emotiv EPOC headset',
17 silly publish   author: { name: 'Charlie Gerard', email: 'charlie.a.gerard@gmail.com' },
17 silly publish   'git repository': 'https://github.com/charliegerard/Epoc.js',
17 silly publish   keywords: [ 'node.js', 'nodejs', 'emotiv', 'epoc' ],
17 silly publish   license: 'MIT License',
17 silly publish   main: 'src/Epoc.js',
17 silly publish   gypfile: true,
17 silly publish   dependencies: { bindings: '~1.2.1', nan: '*', underscore: '^1.8.3' },
17 silly publish   scripts: { install: 'node-gyp rebuild' },
17 silly publish   readme: '#Node.js addon for the Emotiv EPOC [WIP].\n\nUsing the [EpocUtils program](https://github.com/stephaneAG/epocutils).\n\nStill a work in progress.\n\n---\n\n####Next steps:\n\n* Add Gyroscope tracking\n* Add cognitive tracking of actions like pulling, pushing, etc...\n* Publish npm module\n\n---\n\nThanks to [Cam Swords](https://github.com/camswords) for his help :)\n',
17 silly publish   readmeFilename: 'README.md',
17 silly publish   gitHead: '717a7c2c42cd6066278168d50860870f65983775',
17 silly publish   _id: 'epoc.js@1.0.0',
17 silly publish   _shasum: 'd0952ee2a50ffdc910783075a6ab3581426eda9e',
17 silly publish   _from: '.' }
18 verbose getPublishConfig undefined
19 silly mapToRegistry name epoc.js
20 silly mapToRegistry using default registry
21 silly mapToRegistry registry https://registry.npmjs.org/
22 silly mapToRegistry uri https://registry.npmjs.org/epoc.js
23 verbose publish registryBase https://registry.npmjs.org/
24 silly publish uploading /Users/cgerard/.npm/epoc.js/1.0.0/package.tgz
25 verbose request uri https://registry.npmjs.org/epoc.js
26 verbose request sending authorization for write operation
27 info attempt registry request try #1 at 19:29:30
28 verbose request id 1ee0254ea0da7e84
29 http request PUT https://registry.npmjs.org/epoc.js
30 http 500 https://registry.npmjs.org/epoc.js
31 info retry will retry, error on last attempt: Error: unexpected status code: 401 : epoc.js
32 info attempt registry request try #2 at 19:29:41
33 http request PUT https://registry.npmjs.org/epoc.js
34 http 500 https://registry.npmjs.org/epoc.js
35 info retry will retry, error on last attempt: Error: unexpected status code: 401 : epoc.js
36 info attempt registry request try #3 at 19:30:41
37 http request PUT https://registry.npmjs.org/epoc.js
38 http 500 https://registry.npmjs.org/epoc.js
39 verbose headers { 'content-type': 'application/json',
39 verbose headers   'cache-control': 'max-age=0',
39 verbose headers   'content-length': '39',
39 verbose headers   'accept-ranges': 'bytes',
39 verbose headers   date: 'Thu, 07 Jan 2016 08:30:42 GMT',
39 verbose headers   via: '1.1 varnish',
39 verbose headers   connection: 'keep-alive',
39 verbose headers   'x-served-by': 'cache-syd1627-SYD',
39 verbose headers   'x-cache': 'MISS',
39 verbose headers   'x-cache-hits': '0',
39 verbose headers   'x-timer': 'S1452155441.869646,VS0,VE902' }
40 verbose request invalidating /Users/cgerard/.npm/registry.npmjs.org/epoc.js on PUT
41 error publish Failed PUT 500
42 verbose stack Error: unexpected status code: 401 : epoc.js
42 verbose stack     at CachingRegistryClient.<anonymous> (/usr/local/lib/node_modules/npm/node_modules/npm-registry-client/lib/request.js:247:14)
42 verbose stack     at Request._callback (/usr/local/lib/node_modules/npm/node_modules/npm-registry-client/lib/request.js:170:14)
42 verbose stack     at Request.self.callback (/usr/local/lib/node_modules/npm/node_modules/request/request.js:354:22)
42 verbose stack     at Request.emit (events.js:110:17)
42 verbose stack     at Request.<anonymous> (/usr/local/lib/node_modules/npm/node_modules/request/request.js:1207:14)
42 verbose stack     at Request.emit (events.js:129:20)
42 verbose stack     at IncomingMessage.<anonymous> (/usr/local/lib/node_modules/npm/node_modules/request/request.js:1153:12)
42 verbose stack     at IncomingMessage.emit (events.js:129:20)
42 verbose stack     at _stream_readable.js:908:16
42 verbose stack     at process._tickCallback (node.js:355:11)
43 verbose statusCode 500
44 verbose pkgid epoc.js
45 verbose cwd /Users/cgerard/Projects/Personal_Projects/Personal_projects_Github/emotivjs
46 error Darwin 14.4.0
47 error argv "/usr/local/bin/node" "/usr/local/bin/npm" "publish"
48 error node v0.12.7
49 error npm  v2.11.3
50 error code E500
51 error unexpected status code: 401 : epoc.js
52 error If you need help, you may report this error at:
52 error     <https://github.com/npm/npm/issues>
53 verbose exit [ 1, true ]
